<?xml version="1.0" encoding="UTF-8" ?>
<testsuite failures="0" time="20.777" errors="0" skipped="0" tests="3" name="org.apache.giraph.rexster.io.formats.TestRexsterLongDoubleFloatVertexInputFormat">
  <properties>
    <property name="java.runtime.name" value="Java(TM) SE Runtime Environment"/>
    <property name="sun.boot.library.path" value="/System/Library/Java/JavaVirtualMachines/1.6.0.jdk/Contents/Libraries"/>
    <property name="java.vm.version" value="20.51-b01-457"/>
    <property name="awt.nativeDoubleBuffering" value="true"/>
    <property name="gopherProxySet" value="false"/>
    <property name="mrj.build" value="11M4509"/>
    <property name="java.vm.vendor" value="Apple Inc."/>
    <property name="java.vendor.url" value="http://www.apple.com/"/>
    <property name="path.separator" value=":"/>
    <property name="java.vm.name" value="Java HotSpot(TM) 64-Bit Server VM"/>
    <property name="file.encoding.pkg" value="sun.io"/>
    <property name="user.country" value="US"/>
    <property name="sun.java.launcher" value="SUN_STANDARD"/>
    <property name="sun.os.patch.level" value="unknown"/>
    <property name="java.vm.specification.name" value="Java Virtual Machine Specification"/>
    <property name="user.dir" value="/Users/renatomarroquin/Documents/workspace/workspaceGiraph/giraph/giraph-rexster"/>
    <property name="java.runtime.version" value="1.6.0_51-b11-457-11M4509"/>
    <property name="java.awt.graphicsenv" value="apple.awt.CGraphicsEnvironment"/>
    <property name="basedir" value="/Users/renatomarroquin/Documents/workspace/workspaceGiraph/giraph/giraph-rexster"/>
    <property name="java.endorsed.dirs" value="/System/Library/Java/JavaVirtualMachines/1.6.0.jdk/Contents/Home/lib/endorsed"/>
    <property name="os.arch" value="x86_64"/>
    <property name="zookeeper.snapCount" value="50000"/>
    <property name="surefire.real.class.path" value="/var/folders/rn/6y55snyd7v7ctn1sszmgmn280000gn/T/surefirebooter9146085842430310167.jar"/>
    <property name="java.io.tmpdir" value="/var/folders/rn/6y55snyd7v7ctn1sszmgmn280000gn/T/"/>
    <property name="line.separator" value="
"/>
    <property name="java.vm.specification.vendor" value="Sun Microsystems Inc."/>
    <property name="os.name" value="Mac OS X"/>
    <property name="sun.jnu.encoding" value="MacRoman"/>
    <property name="java.library.path" value=".:/Library/Java/Extensions:/System/Library/Java/Extensions:/usr/lib/java"/>
    <property name="surefire.test.class.path" value="/Users/renatomarroquin/Documents/workspace/workspaceGiraph/giraph/giraph-rexster/target/test-classes:/Users/renatomarroquin/Documents/workspace/workspaceGiraph/giraph/giraph-rexster/target/classes:/Users/renatomarroquin/.m2/repository/org/apache/giraph/giraph-core/1.1.0-SNAPSHOT/giraph-core-1.1.0-SNAPSHOT.jar:/Users/renatomarroquin/.m2/repository/com/facebook/thirdparty/yourkit-api/yjp-controller-api-redist/9.5.6/yjp-controller-api-redist-9.5.6.jar:/Users/renatomarroquin/.m2/repository/com/google/guava/guava/12.0/guava-12.0.jar:/Users/renatomarroquin/.m2/repository/com/google/code/findbugs/jsr305/1.3.9/jsr305-1.3.9.jar:/Users/renatomarroquin/.m2/repository/com/yammer/metrics/metrics-core/2.2.0/metrics-core-2.2.0.jar:/Users/renatomarroquin/.m2/repository/commons-cli/commons-cli/1.2/commons-cli-1.2.jar:/Users/renatomarroquin/.m2/repository/commons-io/commons-io/2.1/commons-io-2.1.jar:/Users/renatomarroquin/.m2/repository/io/airlift/airline/0.5/airline-0.5.jar:/Users/renatomarroquin/.m2/repository/javax/inject/javax.inject/1/javax.inject-1.jar:/Users/renatomarroquin/.m2/repository/io/netty/netty/3.5.3.Final/netty-3.5.3.Final.jar:/Users/renatomarroquin/.m2/repository/net/iharder/base64/2.3.8/base64-2.3.8.jar:/Users/renatomarroquin/.m2/repository/it/unimi/dsi/fastutil/6.5.3/fastutil-6.5.3.jar:/Users/renatomarroquin/.m2/repository/org/apache/zookeeper/zookeeper/3.3.3/zookeeper-3.3.3.jar:/Users/renatomarroquin/.m2/repository/jline/jline/0.9.94/jline-0.9.94.jar:/Users/renatomarroquin/.m2/repository/org/codehaus/jackson/jackson-core-asl/1.8.0/jackson-core-asl-1.8.0.jar:/Users/renatomarroquin/.m2/repository/org/codehaus/jackson/jackson-mapper-asl/1.8.0/jackson-mapper-asl-1.8.0.jar:/Users/renatomarroquin/.m2/repository/org/jodah/typetools/0.2.1/typetools-0.2.1.jar:/Users/renatomarroquin/.m2/repository/org/python/jython/2.5.3/jython-2.5.3.jar:/Users/renatomarroquin/.m2/repository/org/json/json/20090211/json-20090211.jar:/Users/renatomarroquin/.m2/repository/org/slf4j/slf4j-api/1.7.2/slf4j-api-1.7.2.jar:/Users/renatomarroquin/.m2/repository/org/slf4j/slf4j-log4j12/1.7.2/slf4j-log4j12-1.7.2.jar:/Users/renatomarroquin/.m2/repository/log4j/log4j/1.2.17/log4j-1.2.17.jar:/Users/renatomarroquin/.m2/repository/commons-codec/commons-codec/1.8/commons-codec-1.8.jar:/Users/renatomarroquin/.m2/repository/org/apache/giraph/giraph-core/1.1.0-SNAPSHOT/giraph-core-1.1.0-SNAPSHOT-tests.jar:/Users/renatomarroquin/.m2/repository/junit/junit/4.8/junit-4.8.jar:/Users/renatomarroquin/.m2/repository/org/mockito/mockito-all/1.8.5/mockito-all-1.8.5.jar:/Users/renatomarroquin/.m2/repository/com/tinkerpop/rexster/rexster-core/2.3.0/rexster-core-2.3.0.jar:/Users/renatomarroquin/.m2/repository/com/tinkerpop/blueprints/blueprints-core/2.3.0/blueprints-core-2.3.0.jar:/Users/renatomarroquin/.m2/repository/org/codehaus/jettison/jettison/1.3.3/jettison-1.3.3.jar:/Users/renatomarroquin/.m2/repository/stax/stax-api/1.0.1/stax-api-1.0.1.jar:/Users/renatomarroquin/.m2/repository/com/fasterxml/jackson/datatype/jackson-datatype-json-org/2.1.2/jackson-datatype-json-org-2.1.2.jar:/Users/renatomarroquin/.m2/repository/com/fasterxml/jackson/core/jackson-core/2.1.0/jackson-core-2.1.0.jar:/Users/renatomarroquin/.m2/repository/com/fasterxml/jackson/core/jackson-databind/2.1.0/jackson-databind-2.1.0.jar:/Users/renatomarroquin/.m2/repository/com/fasterxml/jackson/core/jackson-annotations/2.1.0/jackson-annotations-2.1.0.jar:/Users/renatomarroquin/.m2/repository/colt/colt/1.2.0/colt-1.2.0.jar:/Users/renatomarroquin/.m2/repository/concurrent/concurrent/1.3.4/concurrent-1.3.4.jar:/Users/renatomarroquin/.m2/repository/com/sun/jersey/jersey-json/1.17/jersey-json-1.17.jar:/Users/renatomarroquin/.m2/repository/com/sun/xml/bind/jaxb-impl/2.2.3-1/jaxb-impl-2.2.3-1.jar:/Users/renatomarroquin/.m2/repository/javax/xml/bind/jaxb-api/2.2.2/jaxb-api-2.2.2.jar:/Users/renatomarroquin/.m2/repository/javax/xml/stream/stax-api/1.0-2/stax-api-1.0-2.jar:/Users/renatomarroquin/.m2/repository/javax/activation/activation/1.1/activation-1.1.jar:/Users/renatomarroquin/.m2/repository/org/codehaus/jackson/jackson-jaxrs/1.9.2/jackson-jaxrs-1.9.2.jar:/Users/renatomarroquin/.m2/repository/org/codehaus/jackson/jackson-xc/1.9.2/jackson-xc-1.9.2.jar:/Users/renatomarroquin/.m2/repository/com/sun/jersey/jersey-core/1.17/jersey-core-1.17.jar:/Users/renatomarroquin/.m2/repository/javax/servlet/javax.servlet-api/3.0.1/javax.servlet-api-3.0.1.jar:/Users/renatomarroquin/.m2/repository/commons-configuration/commons-configuration/1.6/commons-configuration-1.6.jar:/Users/renatomarroquin/.m2/repository/commons-collections/commons-collections/3.2.1/commons-collections-3.2.1.jar:/Users/renatomarroquin/.m2/repository/commons-lang/commons-lang/2.4/commons-lang-2.4.jar:/Users/renatomarroquin/.m2/repository/commons-logging/commons-logging/1.1.1/commons-logging-1.1.1.jar:/Users/renatomarroquin/.m2/repository/commons-digester/commons-digester/1.8/commons-digester-1.8.jar:/Users/renatomarroquin/.m2/repository/commons-beanutils/commons-beanutils/1.7.0/commons-beanutils-1.7.0.jar:/Users/renatomarroquin/.m2/repository/commons-beanutils/commons-beanutils-core/1.8.0/commons-beanutils-core-1.8.0.jar:/Users/renatomarroquin/.m2/repository/com/tinkerpop/rexster/rexster-server/2.3.0/rexster-server-2.3.0.jar:/Users/renatomarroquin/.m2/repository/com/tinkerpop/rexster/rexster-protocol/2.3.0/rexster-protocol-2.3.0.jar:/Users/renatomarroquin/.m2/repository/com/tinkerpop/pipes/2.3.0/pipes-2.3.0.jar:/Users/renatomarroquin/.m2/repository/org/msgpack/msgpack/0.6.5/msgpack-0.6.5.jar:/Users/renatomarroquin/.m2/repository/com/googlecode/json-simple/json-simple/1.1/json-simple-1.1.jar:/Users/renatomarroquin/.m2/repository/org/javassist/javassist/3.15.0-GA/javassist-3.15.0-GA.jar:/Users/renatomarroquin/.m2/repository/org/glassfish/grizzly/grizzly-framework/2.2.16/grizzly-framework-2.2.16.jar:/Users/renatomarroquin/.m2/repository/com/tinkerpop/gremlin/gremlin-java/2.3.0/gremlin-java-2.3.0.jar:/Users/renatomarroquin/.m2/repository/com/tinkerpop/gremlin/gremlin-groovy/2.3.0/gremlin-groovy-2.3.0.jar:/Users/renatomarroquin/.m2/repository/org/codehaus/groovy/groovy/1.8.9/groovy-1.8.9.jar:/Users/renatomarroquin/.m2/repository/antlr/antlr/2.7.7/antlr-2.7.7.jar:/Users/renatomarroquin/.m2/repository/asm/asm-commons/3.2/asm-commons-3.2.jar:/Users/renatomarroquin/.m2/repository/asm/asm-util/3.2/asm-util-3.2.jar:/Users/renatomarroquin/.m2/repository/asm/asm-analysis/3.2/asm-analysis-3.2.jar:/Users/renatomarroquin/.m2/repository/asm/asm-tree/3.2/asm-tree-3.2.jar:/Users/renatomarroquin/.m2/repository/org/fusesource/jansi/jansi/1.5/jansi-1.5.jar:/Users/renatomarroquin/.m2/repository/com/sun/jersey/jersey-server/1.17/jersey-server-1.17.jar:/Users/renatomarroquin/.m2/repository/asm/asm/3.1/asm-3.1.jar:/Users/renatomarroquin/.m2/repository/com/sun/jersey/jersey-client/1.17/jersey-client-1.17.jar:/Users/renatomarroquin/.m2/repository/com/sun/jersey/jersey-grizzly2/1.17/jersey-grizzly2-1.17.jar:/Users/renatomarroquin/.m2/repository/org/glassfish/grizzly/grizzly-http/2.2.16/grizzly-http-2.2.16.jar:/Users/renatomarroquin/.m2/repository/org/glassfish/grizzly/grizzly-http-server/2.2.16/grizzly-http-server-2.2.16.jar:/Users/renatomarroquin/.m2/repository/com/sun/jersey/jersey-servlet/1.17/jersey-servlet-1.17.jar:/Users/renatomarroquin/.m2/repository/org/glassfish/grizzly/grizzly-http-servlet/2.2.16/grizzly-http-servlet-2.2.16.jar:/Users/renatomarroquin/.m2/repository/org/glassfish/grizzly/grizzly-core/2.2.16/grizzly-core-2.2.16.jar:/Users/renatomarroquin/.m2/repository/org/glassfish/grizzly/grizzly-portunif/2.2.16/grizzly-portunif-2.2.16.jar:/Users/renatomarroquin/.m2/repository/org/glassfish/grizzly/grizzly-rcm/2.2.16/grizzly-rcm-2.2.16.jar:/Users/renatomarroquin/.m2/repository/org/glassfish/gmbal/gmbal/3.2.0-b003/gmbal-3.2.0-b003.jar:/Users/renatomarroquin/.m2/repository/org/glassfish/external/management-api/3.0.0-b012/management-api-3.0.0-b012.jar:/Users/renatomarroquin/.m2/repository/org/glassfish/pfl/pfl-basic/1.0.0-b001/pfl-basic-1.0.0-b001.jar:/Users/renatomarroquin/.m2/repository/org/glassfish/pfl/pfl-tf/1.0.0-b001/pfl-tf-1.0.0-b001.jar:/Users/renatomarroquin/.m2/repository/org/glassfish/pfl/pfl-asm/1.0.0-b001/pfl-asm-1.0.0-b001.jar:/Users/renatomarroquin/.m2/repository/org/glassfish/pfl/pfl-tf-tools/1.0.0-b001/pfl-tf-tools-1.0.0-b001.jar:/Users/renatomarroquin/.m2/repository/org/glassfish/pfl/pfl-basic-tools/1.0.0-b001/pfl-basic-tools-1.0.0-b001.jar:/Users/renatomarroquin/.m2/repository/commons-net/commons-net/3.1/commons-net-3.1.jar:/Users/renatomarroquin/.m2/repository/org/apache/hadoop/hadoop-core/0.20.203.0/hadoop-core-0.20.203.0.jar:/Users/renatomarroquin/.m2/repository/xmlenc/xmlenc/0.52/xmlenc-0.52.jar:/Users/renatomarroquin/.m2/repository/commons-httpclient/commons-httpclient/3.0.1/commons-httpclient-3.0.1.jar:/Users/renatomarroquin/.m2/repository/org/apache/commons/commons-math/2.1/commons-math-2.1.jar:/Users/renatomarroquin/.m2/repository/org/mortbay/jetty/jetty/6.1.26/jetty-6.1.26.jar:/Users/renatomarroquin/.m2/repository/org/mortbay/jetty/servlet-api/2.5-20081211/servlet-api-2.5-20081211.jar:/Users/renatomarroquin/.m2/repository/org/mortbay/jetty/jetty-util/6.1.26/jetty-util-6.1.26.jar:/Users/renatomarroquin/.m2/repository/tomcat/jasper-runtime/5.5.12/jasper-runtime-5.5.12.jar:/Users/renatomarroquin/.m2/repository/tomcat/jasper-compiler/5.5.12/jasper-compiler-5.5.12.jar:/Users/renatomarroquin/.m2/repository/org/mortbay/jetty/jsp-api-2.1/6.1.14/jsp-api-2.1-6.1.14.jar:/Users/renatomarroquin/.m2/repository/org/mortbay/jetty/servlet-api-2.5/6.1.14/servlet-api-2.5-6.1.14.jar:/Users/renatomarroquin/.m2/repository/org/mortbay/jetty/jsp-2.1/6.1.14/jsp-2.1-6.1.14.jar:/Users/renatomarroquin/.m2/repository/ant/ant/1.6.5/ant-1.6.5.jar:/Users/renatomarroquin/.m2/repository/commons-el/commons-el/1.0/commons-el-1.0.jar:/Users/renatomarroquin/.m2/repository/net/java/dev/jets3t/jets3t/0.7.1/jets3t-0.7.1.jar:/Users/renatomarroquin/.m2/repository/net/sf/kosmosfs/kfs/0.3/kfs-0.3.jar:/Users/renatomarroquin/.m2/repository/hsqldb/hsqldb/1.8.0.10/hsqldb-1.8.0.10.jar:/Users/renatomarroquin/.m2/repository/oro/oro/2.0.8/oro-2.0.8.jar:/Users/renatomarroquin/.m2/repository/org/eclipse/jdt/core/3.1.1/core-3.1.1.jar:"/>
    <property name="org.jruby.embed.localvariable.behavior" value="persistent"/>
    <property name="sun.nio.ch.bugLevel" value=""/>
    <property name="prop.jarLocation" value="/Users/renatomarroquin/Documents/workspace/workspaceGiraph/giraph/giraph-rexster/../giraph-core/target/giraph-1.1.0-SNAPSHOT-for-hadoop-0.20.203.0-jar-with-dependencies.jar"/>
    <property name="java.specification.name" value="Java Platform API Specification"/>
    <property name="java.class.version" value="50.0"/>
    <property name="sun.management.compiler" value="HotSpot 64-Bit Tiered Compilers"/>
    <property name="os.version" value="10.7.5"/>
    <property name="http.nonProxyHosts" value="local|*.local|169.254/16|*.169.254/16"/>
    <property name="user.home" value="/Users/renatomarroquin"/>
    <property name="user.timezone" value="America/Lima"/>
    <property name="java.awt.printerjob" value="apple.awt.CPrinterJob"/>
    <property name="java.specification.version" value="1.6"/>
    <property name="file.encoding" value="MacRoman"/>
    <property name="user.name" value="renatomarroquin"/>
    <property name="java.class.path" value="/Users/renatomarroquin/Documents/workspace/workspaceGiraph/giraph/giraph-rexster/target/test-classes:/Users/renatomarroquin/Documents/workspace/workspaceGiraph/giraph/giraph-rexster/target/classes:/Users/renatomarroquin/.m2/repository/org/apache/giraph/giraph-core/1.1.0-SNAPSHOT/giraph-core-1.1.0-SNAPSHOT.jar:/Users/renatomarroquin/.m2/repository/com/facebook/thirdparty/yourkit-api/yjp-controller-api-redist/9.5.6/yjp-controller-api-redist-9.5.6.jar:/Users/renatomarroquin/.m2/repository/com/google/guava/guava/12.0/guava-12.0.jar:/Users/renatomarroquin/.m2/repository/com/google/code/findbugs/jsr305/1.3.9/jsr305-1.3.9.jar:/Users/renatomarroquin/.m2/repository/com/yammer/metrics/metrics-core/2.2.0/metrics-core-2.2.0.jar:/Users/renatomarroquin/.m2/repository/commons-cli/commons-cli/1.2/commons-cli-1.2.jar:/Users/renatomarroquin/.m2/repository/commons-io/commons-io/2.1/commons-io-2.1.jar:/Users/renatomarroquin/.m2/repository/io/airlift/airline/0.5/airline-0.5.jar:/Users/renatomarroquin/.m2/repository/javax/inject/javax.inject/1/javax.inject-1.jar:/Users/renatomarroquin/.m2/repository/io/netty/netty/3.5.3.Final/netty-3.5.3.Final.jar:/Users/renatomarroquin/.m2/repository/net/iharder/base64/2.3.8/base64-2.3.8.jar:/Users/renatomarroquin/.m2/repository/it/unimi/dsi/fastutil/6.5.3/fastutil-6.5.3.jar:/Users/renatomarroquin/.m2/repository/org/apache/zookeeper/zookeeper/3.3.3/zookeeper-3.3.3.jar:/Users/renatomarroquin/.m2/repository/jline/jline/0.9.94/jline-0.9.94.jar:/Users/renatomarroquin/.m2/repository/org/codehaus/jackson/jackson-core-asl/1.8.0/jackson-core-asl-1.8.0.jar:/Users/renatomarroquin/.m2/repository/org/codehaus/jackson/jackson-mapper-asl/1.8.0/jackson-mapper-asl-1.8.0.jar:/Users/renatomarroquin/.m2/repository/org/jodah/typetools/0.2.1/typetools-0.2.1.jar:/Users/renatomarroquin/.m2/repository/org/python/jython/2.5.3/jython-2.5.3.jar:/Users/renatomarroquin/.m2/repository/org/json/json/20090211/json-20090211.jar:/Users/renatomarroquin/.m2/repository/org/slf4j/slf4j-api/1.7.2/slf4j-api-1.7.2.jar:/Users/renatomarroquin/.m2/repository/org/slf4j/slf4j-log4j12/1.7.2/slf4j-log4j12-1.7.2.jar:/Users/renatomarroquin/.m2/repository/log4j/log4j/1.2.17/log4j-1.2.17.jar:/Users/renatomarroquin/.m2/repository/commons-codec/commons-codec/1.8/commons-codec-1.8.jar:/Users/renatomarroquin/.m2/repository/org/apache/giraph/giraph-core/1.1.0-SNAPSHOT/giraph-core-1.1.0-SNAPSHOT-tests.jar:/Users/renatomarroquin/.m2/repository/junit/junit/4.8/junit-4.8.jar:/Users/renatomarroquin/.m2/repository/org/mockito/mockito-all/1.8.5/mockito-all-1.8.5.jar:/Users/renatomarroquin/.m2/repository/com/tinkerpop/rexster/rexster-core/2.3.0/rexster-core-2.3.0.jar:/Users/renatomarroquin/.m2/repository/com/tinkerpop/blueprints/blueprints-core/2.3.0/blueprints-core-2.3.0.jar:/Users/renatomarroquin/.m2/repository/org/codehaus/jettison/jettison/1.3.3/jettison-1.3.3.jar:/Users/renatomarroquin/.m2/repository/stax/stax-api/1.0.1/stax-api-1.0.1.jar:/Users/renatomarroquin/.m2/repository/com/fasterxml/jackson/datatype/jackson-datatype-json-org/2.1.2/jackson-datatype-json-org-2.1.2.jar:/Users/renatomarroquin/.m2/repository/com/fasterxml/jackson/core/jackson-core/2.1.0/jackson-core-2.1.0.jar:/Users/renatomarroquin/.m2/repository/com/fasterxml/jackson/core/jackson-databind/2.1.0/jackson-databind-2.1.0.jar:/Users/renatomarroquin/.m2/repository/com/fasterxml/jackson/core/jackson-annotations/2.1.0/jackson-annotations-2.1.0.jar:/Users/renatomarroquin/.m2/repository/colt/colt/1.2.0/colt-1.2.0.jar:/Users/renatomarroquin/.m2/repository/concurrent/concurrent/1.3.4/concurrent-1.3.4.jar:/Users/renatomarroquin/.m2/repository/com/sun/jersey/jersey-json/1.17/jersey-json-1.17.jar:/Users/renatomarroquin/.m2/repository/com/sun/xml/bind/jaxb-impl/2.2.3-1/jaxb-impl-2.2.3-1.jar:/Users/renatomarroquin/.m2/repository/javax/xml/bind/jaxb-api/2.2.2/jaxb-api-2.2.2.jar:/Users/renatomarroquin/.m2/repository/javax/xml/stream/stax-api/1.0-2/stax-api-1.0-2.jar:/Users/renatomarroquin/.m2/repository/javax/activation/activation/1.1/activation-1.1.jar:/Users/renatomarroquin/.m2/repository/org/codehaus/jackson/jackson-jaxrs/1.9.2/jackson-jaxrs-1.9.2.jar:/Users/renatomarroquin/.m2/repository/org/codehaus/jackson/jackson-xc/1.9.2/jackson-xc-1.9.2.jar:/Users/renatomarroquin/.m2/repository/com/sun/jersey/jersey-core/1.17/jersey-core-1.17.jar:/Users/renatomarroquin/.m2/repository/javax/servlet/javax.servlet-api/3.0.1/javax.servlet-api-3.0.1.jar:/Users/renatomarroquin/.m2/repository/commons-configuration/commons-configuration/1.6/commons-configuration-1.6.jar:/Users/renatomarroquin/.m2/repository/commons-collections/commons-collections/3.2.1/commons-collections-3.2.1.jar:/Users/renatomarroquin/.m2/repository/commons-lang/commons-lang/2.4/commons-lang-2.4.jar:/Users/renatomarroquin/.m2/repository/commons-logging/commons-logging/1.1.1/commons-logging-1.1.1.jar:/Users/renatomarroquin/.m2/repository/commons-digester/commons-digester/1.8/commons-digester-1.8.jar:/Users/renatomarroquin/.m2/repository/commons-beanutils/commons-beanutils/1.7.0/commons-beanutils-1.7.0.jar:/Users/renatomarroquin/.m2/repository/commons-beanutils/commons-beanutils-core/1.8.0/commons-beanutils-core-1.8.0.jar:/Users/renatomarroquin/.m2/repository/com/tinkerpop/rexster/rexster-server/2.3.0/rexster-server-2.3.0.jar:/Users/renatomarroquin/.m2/repository/com/tinkerpop/rexster/rexster-protocol/2.3.0/rexster-protocol-2.3.0.jar:/Users/renatomarroquin/.m2/repository/com/tinkerpop/pipes/2.3.0/pipes-2.3.0.jar:/Users/renatomarroquin/.m2/repository/org/msgpack/msgpack/0.6.5/msgpack-0.6.5.jar:/Users/renatomarroquin/.m2/repository/com/googlecode/json-simple/json-simple/1.1/json-simple-1.1.jar:/Users/renatomarroquin/.m2/repository/org/javassist/javassist/3.15.0-GA/javassist-3.15.0-GA.jar:/Users/renatomarroquin/.m2/repository/org/glassfish/grizzly/grizzly-framework/2.2.16/grizzly-framework-2.2.16.jar:/Users/renatomarroquin/.m2/repository/com/tinkerpop/gremlin/gremlin-java/2.3.0/gremlin-java-2.3.0.jar:/Users/renatomarroquin/.m2/repository/com/tinkerpop/gremlin/gremlin-groovy/2.3.0/gremlin-groovy-2.3.0.jar:/Users/renatomarroquin/.m2/repository/org/codehaus/groovy/groovy/1.8.9/groovy-1.8.9.jar:/Users/renatomarroquin/.m2/repository/antlr/antlr/2.7.7/antlr-2.7.7.jar:/Users/renatomarroquin/.m2/repository/asm/asm-commons/3.2/asm-commons-3.2.jar:/Users/renatomarroquin/.m2/repository/asm/asm-util/3.2/asm-util-3.2.jar:/Users/renatomarroquin/.m2/repository/asm/asm-analysis/3.2/asm-analysis-3.2.jar:/Users/renatomarroquin/.m2/repository/asm/asm-tree/3.2/asm-tree-3.2.jar:/Users/renatomarroquin/.m2/repository/org/fusesource/jansi/jansi/1.5/jansi-1.5.jar:/Users/renatomarroquin/.m2/repository/com/sun/jersey/jersey-server/1.17/jersey-server-1.17.jar:/Users/renatomarroquin/.m2/repository/asm/asm/3.1/asm-3.1.jar:/Users/renatomarroquin/.m2/repository/com/sun/jersey/jersey-client/1.17/jersey-client-1.17.jar:/Users/renatomarroquin/.m2/repository/com/sun/jersey/jersey-grizzly2/1.17/jersey-grizzly2-1.17.jar:/Users/renatomarroquin/.m2/repository/org/glassfish/grizzly/grizzly-http/2.2.16/grizzly-http-2.2.16.jar:/Users/renatomarroquin/.m2/repository/org/glassfish/grizzly/grizzly-http-server/2.2.16/grizzly-http-server-2.2.16.jar:/Users/renatomarroquin/.m2/repository/com/sun/jersey/jersey-servlet/1.17/jersey-servlet-1.17.jar:/Users/renatomarroquin/.m2/repository/org/glassfish/grizzly/grizzly-http-servlet/2.2.16/grizzly-http-servlet-2.2.16.jar:/Users/renatomarroquin/.m2/repository/org/glassfish/grizzly/grizzly-core/2.2.16/grizzly-core-2.2.16.jar:/Users/renatomarroquin/.m2/repository/org/glassfish/grizzly/grizzly-portunif/2.2.16/grizzly-portunif-2.2.16.jar:/Users/renatomarroquin/.m2/repository/org/glassfish/grizzly/grizzly-rcm/2.2.16/grizzly-rcm-2.2.16.jar:/Users/renatomarroquin/.m2/repository/org/glassfish/gmbal/gmbal/3.2.0-b003/gmbal-3.2.0-b003.jar:/Users/renatomarroquin/.m2/repository/org/glassfish/external/management-api/3.0.0-b012/management-api-3.0.0-b012.jar:/Users/renatomarroquin/.m2/repository/org/glassfish/pfl/pfl-basic/1.0.0-b001/pfl-basic-1.0.0-b001.jar:/Users/renatomarroquin/.m2/repository/org/glassfish/pfl/pfl-tf/1.0.0-b001/pfl-tf-1.0.0-b001.jar:/Users/renatomarroquin/.m2/repository/org/glassfish/pfl/pfl-asm/1.0.0-b001/pfl-asm-1.0.0-b001.jar:/Users/renatomarroquin/.m2/repository/org/glassfish/pfl/pfl-tf-tools/1.0.0-b001/pfl-tf-tools-1.0.0-b001.jar:/Users/renatomarroquin/.m2/repository/org/glassfish/pfl/pfl-basic-tools/1.0.0-b001/pfl-basic-tools-1.0.0-b001.jar:/Users/renatomarroquin/.m2/repository/commons-net/commons-net/3.1/commons-net-3.1.jar:/Users/renatomarroquin/.m2/repository/org/apache/hadoop/hadoop-core/0.20.203.0/hadoop-core-0.20.203.0.jar:/Users/renatomarroquin/.m2/repository/xmlenc/xmlenc/0.52/xmlenc-0.52.jar:/Users/renatomarroquin/.m2/repository/commons-httpclient/commons-httpclient/3.0.1/commons-httpclient-3.0.1.jar:/Users/renatomarroquin/.m2/repository/org/apache/commons/commons-math/2.1/commons-math-2.1.jar:/Users/renatomarroquin/.m2/repository/org/mortbay/jetty/jetty/6.1.26/jetty-6.1.26.jar:/Users/renatomarroquin/.m2/repository/org/mortbay/jetty/servlet-api/2.5-20081211/servlet-api-2.5-20081211.jar:/Users/renatomarroquin/.m2/repository/org/mortbay/jetty/jetty-util/6.1.26/jetty-util-6.1.26.jar:/Users/renatomarroquin/.m2/repository/tomcat/jasper-runtime/5.5.12/jasper-runtime-5.5.12.jar:/Users/renatomarroquin/.m2/repository/tomcat/jasper-compiler/5.5.12/jasper-compiler-5.5.12.jar:/Users/renatomarroquin/.m2/repository/org/mortbay/jetty/jsp-api-2.1/6.1.14/jsp-api-2.1-6.1.14.jar:/Users/renatomarroquin/.m2/repository/org/mortbay/jetty/servlet-api-2.5/6.1.14/servlet-api-2.5-6.1.14.jar:/Users/renatomarroquin/.m2/repository/org/mortbay/jetty/jsp-2.1/6.1.14/jsp-2.1-6.1.14.jar:/Users/renatomarroquin/.m2/repository/ant/ant/1.6.5/ant-1.6.5.jar:/Users/renatomarroquin/.m2/repository/commons-el/commons-el/1.0/commons-el-1.0.jar:/Users/renatomarroquin/.m2/repository/net/java/dev/jets3t/jets3t/0.7.1/jets3t-0.7.1.jar:/Users/renatomarroquin/.m2/repository/net/sf/kosmosfs/kfs/0.3/kfs-0.3.jar:/Users/renatomarroquin/.m2/repository/hsqldb/hsqldb/1.8.0.10/hsqldb-1.8.0.10.jar:/Users/renatomarroquin/.m2/repository/oro/oro/2.0.8/oro-2.0.8.jar:/Users/renatomarroquin/.m2/repository/org/eclipse/jdt/core/3.1.1/core-3.1.1.jar:"/>
    <property name="java.vm.specification.version" value="1.0"/>
    <property name="sun.arch.data.model" value="64"/>
    <property name="java.home" value="/System/Library/Java/JavaVirtualMachines/1.6.0.jdk/Contents/Home"/>
    <property name="sun.java.command" value="/var/folders/rn/6y55snyd7v7ctn1sszmgmn280000gn/T/surefirebooter9146085842430310167.jar /var/folders/rn/6y55snyd7v7ctn1sszmgmn280000gn/T/surefire9089038854992415926tmp /var/folders/rn/6y55snyd7v7ctn1sszmgmn280000gn/T/surefire5846104166443787310tmp"/>
    <property name="java.specification.vendor" value="Sun Microsystems Inc."/>
    <property name="user.language" value="en"/>
    <property name="awt.toolkit" value="apple.awt.CToolkit"/>
    <property name="java.vm.info" value="mixed mode"/>
    <property name="java.version" value="1.6.0_51"/>
    <property name="java.ext.dirs" value="/Library/Java/Extensions:/System/Library/Java/Extensions:/System/Library/Java/JavaVirtualMachines/1.6.0.jdk/Contents/Home/lib/ext"/>
    <property name="sun.boot.class.path" value="/System/Library/Java/JavaVirtualMachines/1.6.0.jdk/Contents/Classes/jsfd.jar:/System/Library/Java/JavaVirtualMachines/1.6.0.jdk/Contents/Classes/classes.jar:/System/Library/Frameworks/JavaVM.framework/Frameworks/JavaRuntimeSupport.framework/Resources/Java/JavaRuntimeSupport.jar:/System/Library/Java/JavaVirtualMachines/1.6.0.jdk/Contents/Classes/ui.jar:/System/Library/Java/JavaVirtualMachines/1.6.0.jdk/Contents/Classes/laf.jar:/System/Library/Java/JavaVirtualMachines/1.6.0.jdk/Contents/Classes/sunrsasign.jar:/System/Library/Java/JavaVirtualMachines/1.6.0.jdk/Contents/Classes/jsse.jar:/System/Library/Java/JavaVirtualMachines/1.6.0.jdk/Contents/Classes/jce.jar:/System/Library/Java/JavaVirtualMachines/1.6.0.jdk/Contents/Classes/charsets.jar"/>
    <property name="java.vendor" value="Apple Inc."/>
    <property name="localRepository" value="/Users/renatomarroquin/.m2/repository"/>
    <property name="file.separator" value="/"/>
    <property name="java.vendor.url.bug" value="http://bugreport.apple.com/"/>
    <property name="sun.cpu.endian" value="little"/>
    <property name="sun.io.unicode.encoding" value="UnicodeLittle"/>
    <property name="mrj.version" value="1070.1.6.0_51-457"/>
    <property name="socksNonProxyHosts" value="local|*.local|169.254/16|*.169.254/16"/>
    <property name="ftp.nonProxyHosts" value="local|*.local|169.254/16|*.169.254/16"/>
    <property name="sun.cpu.isalist" value=""/>
  </properties>
  <testcase time="8.624" classname="org.apache.giraph.rexster.io.formats.TestRexsterLongDoubleFloatVertexInputFormat" name="getEmptyDb"/>
  <testcase time="4.658" classname="org.apache.giraph.rexster.io.formats.TestRexsterLongDoubleFloatVertexInputFormat" name="getTestDb"/>
  <testcase time="7.403" classname="org.apache.giraph.rexster.io.formats.TestRexsterLongDoubleFloatVertexInputFormat" name="getGremlinDb"/>
</testsuite>